<?xml version="1.0" encoding="UTF-8"?>
<!-- Generated by org.testng.reporters.JUnitXMLReporter -->
<testsuite ignored="0" hostname="dbcdceadbaecfceaeecaddcbfcddfcccbcdcadadac-0" failures="1" tests="3" name="Surefire test" time="54.995" errors="0" timestamp="2024-01-02T10:22:58 UTC">
  <testcase classname="runner.Testcase3" name="TC_003" time="16.214"/>
  <testcase classname="runner.Testcase1" name="TC_001" time="9.489"/>
  <testcase classname="runner.Testcase2" name="TC_002" time="9.381">
    <failure type="java.lang.NoClassDefFoundError" message="pages/Deposit">
      <![CDATA[java.lang.NoClassDefFoundError: pages/Deposit
at runner.Testcase2.TC_002(Testcase2.java:31)
at java.base/java.util.ArrayList.forEach(ArrayList.java:1541)
Caused by: java.lang.ClassNotFoundException: pages.Deposit
at java.base/jdk.internal.loader.BuiltinClassLoader.loadClass(BuiltinClassLoader.java:581)
at java.base/jdk.internal.loader.ClassLoaders$AppClassLoader.loadClass(ClassLoaders.java:178)
at java.base/java.lang.ClassLoader.loadClass(ClassLoader.java:527)
... 34 more
... Removed 32 stack frames]]>
    </failure>
  </testcase> <!-- TC_002 -->
</testsuite> <!-- Surefire test -->
